<?xml version="1.0" encoding="UTF-8"?>
<testng-results skipped="0" failed="0" total="1" passed="1">
  <reporter-output>
  </reporter-output>
  <suite name="Default suite" duration-ms="442" started-at="2017-08-10T12:59:41Z" finished-at="2017-08-10T12:59:41Z">
    <groups>
    </groups>
    <test name="Default test" duration-ms="442" started-at="2017-08-10T12:59:41Z" finished-at="2017-08-10T12:59:41Z">
      <class name="com.bdtt.rest.app.circle.UnAdmireTest">
        <test-method status="PASS" signature="setUp()[pri:0, instance:com.bdtt.rest.app.circle.UnAdmireTest@55f3ddb1]" name="setUp" is-config="true" duration-ms="14" started-at="2017-08-10T20:59:41Z" finished-at="2017-08-10T20:59:41Z">
          <reporter-output>
          </reporter-output>
        </test-method> <!-- setUp -->
        <test-method status="PASS" signature="loginTest(java.lang.String, java.lang.String, java.lang.String, java.lang.String)[pri:0, instance:com.bdtt.rest.app.circle.UnAdmireTest@55f3ddb1]" name="loginTest" duration-ms="36" started-at="2017-08-10T20:59:41Z" data-provider="ex" finished-at="2017-08-10T20:59:41Z">
          <params>
            <param index="0">
              <value>
                <![CDATA[5461637]]>
              </value>
            </param>
            <param index="1">
              <value>
                <![CDATA[fcca021cb54aa3d58e2975b6401e813d]]>
              </value>
            </param>
            <param index="2">
              <value>
                <![CDATA[1]]>
              </value>
            </param>
            <param index="3">
              <value>
                <![CDATA[success]]>
              </value>
            </param>
          </params>
          <reporter-output>
          </reporter-output>
        </test-method> <!-- loginTest -->
        <test-method status="PASS" signature="tearDown()[pri:0, instance:com.bdtt.rest.app.circle.UnAdmireTest@55f3ddb1]" name="tearDown" is-config="true" duration-ms="0" started-at="2017-08-10T20:59:41Z" finished-at="2017-08-10T20:59:41Z">
          <reporter-output>
          </reporter-output>
        </test-method> <!-- tearDown -->
      </class> <!-- com.bdtt.rest.app.circle.UnAdmireTest -->
    </test> <!-- Default test -->
  </suite> <!-- Default suite -->
</testng-results>
